2026-02-02 11:06:28.182 | Error | 
"Message    : Error occurred while editing a question with Id "2aa55884-baaf-407b-9a6b-53471781b679"
" +"Exception  :
" +"System.ArgumentException: Parameter text can't be empty. (Parameter 'text')
   at SurveyConfiguratorTask.Models.Question.SetText(String text) in D:\SurveyConfiguratorTask\Models\Question.cs:line 42
   at SurveyConfiguratorTask.Models.Question..ctor(Guid id, String text, Int32 order) in D:\SurveyConfiguratorTask\Models\Question.cs:line 32
   at SurveyConfiguratorTask.Models.StarsQuestion..ctor(Guid id, String text, Int32 order, Int32 starsCount) in D:\SurveyConfiguratorTask\Models\StarsQuestion.cs:line 22
   at Services.QuestionService.EditQuestionService(Guid id, EditContext editContext) in D:\SurveyConfiguratorTask\Services\QuestionService.cs:line 156

" +"============================================================
2026-02-02 11:08:51.964 | Error | 
Message    : Error occurred while editing a question with Id "86c68059-07a5-49a8-8563-20959044fd91"
Exception  :
System.ArgumentException: Parameter text can't be empty. (Parameter 'text')
   at SurveyConfiguratorTask.Models.Question.SetText(String text) in D:\SurveyConfiguratorTask\Models\Question.cs:line 42
   at SurveyConfiguratorTask.Models.Question..ctor(Guid id, String text, Int32 order) in D:\SurveyConfiguratorTask\Models\Question.cs:line 32
   at SurveyConfiguratorTask.Models.StarsQuestion..ctor(Guid id, String text, Int32 order, Int32 starsCount) in D:\SurveyConfiguratorTask\Models\StarsQuestion.cs:line 22
   at Services.QuestionService.EditQuestionService(Guid id, EditContext editContext) in D:\SurveyConfiguratorTask\Services\QuestionService.cs:line 156

============================================================
2026-02-02 11:09:25.639 | Error | 
Message    : Error occurred while editing a question with Id "86c68059-07a5-49a8-8563-20959044fd91"
Exception  :
System.ArgumentException: Parameter text can't be empty. (Parameter 'text')
   at SurveyConfiguratorTask.Models.Question.SetText(String text) in D:\SurveyConfiguratorTask\Models\Question.cs:line 42
   at SurveyConfiguratorTask.Models.Question..ctor(Guid id, String text, Int32 order) in D:\SurveyConfiguratorTask\Models\Question.cs:line 32
   at SurveyConfiguratorTask.Models.StarsQuestion..ctor(Guid id, String text, Int32 order, Int32 starsCount) in D:\SurveyConfiguratorTask\Models\StarsQuestion.cs:line 22
   at Services.QuestionService.EditQuestionService(Guid id, EditContext editContext) in D:\SurveyConfiguratorTask\Services\QuestionService.cs:line 156

============================================================
2026-02-02 11:09:42.814 | Error | 
Message    : Error occurred while editing a question with Id "86c68059-07a5-49a8-8563-20959044fd91"
Exception  :
System.ArgumentException: Parameter text can't be empty. (Parameter 'text')
   at SurveyConfiguratorTask.Models.Question.SetText(String text) in D:\SurveyConfiguratorTask\Models\Question.cs:line 42
   at SurveyConfiguratorTask.Models.Question..ctor(Guid id, String text, Int32 order) in D:\SurveyConfiguratorTask\Models\Question.cs:line 32
   at SurveyConfiguratorTask.Models.StarsQuestion..ctor(Guid id, String text, Int32 order, Int32 starsCount) in D:\SurveyConfiguratorTask\Models\StarsQuestion.cs:line 22
   at Services.QuestionService.EditQuestionService(Guid id, EditContext editContext) in D:\SurveyConfiguratorTask\Services\QuestionService.cs:line 156

============================================================
2026-02-02 11:10:36.632 | Error | 
Message    : Error occurred while editing a question with Id "86c68059-07a5-49a8-8563-20959044fd91"
Exception  :
System.ArgumentException: Parameter text can't be empty. (Parameter 'text')
   at SurveyConfiguratorTask.Models.Question.SetText(String text) in D:\SurveyConfiguratorTask\Models\Question.cs:line 42
   at SurveyConfiguratorTask.Models.Question..ctor(Guid id, String text, Int32 order) in D:\SurveyConfiguratorTask\Models\Question.cs:line 32
   at SurveyConfiguratorTask.Models.StarsQuestion..ctor(Guid id, String text, Int32 order, Int32 starsCount) in D:\SurveyConfiguratorTask\Models\StarsQuestion.cs:line 22
   at Services.QuestionService.EditQuestionService(Guid id, EditContext editContext) in D:\SurveyConfiguratorTask\Services\QuestionService.cs:line 156

============================================================
2026-02-02 11:11:19.621 | Error | 
Message    : Error occurred while editing a question with Id "86c68059-07a5-49a8-8563-20959044fd91"
Exception  :
System.ArgumentException: Parameter text can't be empty. (Parameter 'text')
   at SurveyConfiguratorTask.Models.Question.SetText(String text) in D:\SurveyConfiguratorTask\Models\Question.cs:line 42
   at SurveyConfiguratorTask.Models.Question..ctor(Guid id, String text, Int32 order) in D:\SurveyConfiguratorTask\Models\Question.cs:line 32
   at SurveyConfiguratorTask.Models.StarsQuestion..ctor(Guid id, String text, Int32 order, Int32 starsCount) in D:\SurveyConfiguratorTask\Models\StarsQuestion.cs:line 22
   at Services.QuestionService.EditQuestionService(Guid id, EditContext editContext) in D:\SurveyConfiguratorTask\Services\QuestionService.cs:line 156

============================================================
2026-02-02 12:12:16.452 | Error | 
Message    : Error occurred while adding a question of type "SliderQuestion"
Exception  :
System.ArgumentException: Parameter text can't be empty. (Parameter 'text')
   at SurveyConfiguratorTask.Models.Question.SetText(String text) in D:\SurveyConfiguratorTask\Models\Question.cs:line 42
   at SurveyConfiguratorTask.Models.Question..ctor(String text, Int32 order, TypeQuestionEnum type) in D:\SurveyConfiguratorTask\Models\Question.cs:line 24
   at SurveyConfiguratorTask.Models.SliderQuestion..ctor(String text, Int32 order, Int32 startValue, Int32 endValue, String startCaption, String endCaption) in D:\SurveyConfiguratorTask\Models\SliderQuestion.cs:line 20
   at Services.QuestionService.AddQuestionService(TypeQuestionEnum type, AddQuestionDto questionDto) in D:\SurveyConfiguratorTask\Services\QuestionService.cs:line 58

============================================================
2026-02-02 12:12:19.959 | Error | 
Message    : Error occurred while adding a question of type "SliderQuestion"
Exception  :
System.ArgumentException: Parameter text can't be empty. (Parameter 'text')
   at SurveyConfiguratorTask.Models.Question.SetText(String text) in D:\SurveyConfiguratorTask\Models\Question.cs:line 42
   at SurveyConfiguratorTask.Models.Question..ctor(String text, Int32 order, TypeQuestionEnum type) in D:\SurveyConfiguratorTask\Models\Question.cs:line 24
   at SurveyConfiguratorTask.Models.SliderQuestion..ctor(String text, Int32 order, Int32 startValue, Int32 endValue, String startCaption, String endCaption) in D:\SurveyConfiguratorTask\Models\SliderQuestion.cs:line 20
   at Services.QuestionService.AddQuestionService(TypeQuestionEnum type, AddQuestionDto questionDto) in D:\SurveyConfiguratorTask\Services\QuestionService.cs:line 58

============================================================
2026-02-02 12:21:54.199 | Error | 
Message    : Error occurred while loading the question list.
Exception  :
Microsoft.Data.SqlClient.SqlException (0x80131904): Invalid column name 'SliderQuestion'.
   at Microsoft.Data.SqlClient.SqlConnection.OnError(SqlException exception, Boolean breakConnection, Action`1 wrapCloseInAction)
   at Microsoft.Data.SqlClient.SqlInternalConnection.OnError(SqlException exception, Boolean breakConnection, Action`1 wrapCloseInAction)
   at Microsoft.Data.SqlClient.TdsParser.ThrowExceptionAndWarning(TdsParserStateObject stateObj, SqlCommand command, Boolean callerHasConnectionLock, Boolean asyncClose)
   at Microsoft.Data.SqlClient.TdsParser.TryRun(RunBehavior runBehavior, SqlCommand cmdHandler, SqlDataReader dataStream, BulkCopySimpleResultSet bulkCopyHandler, TdsParserStateObject stateObj, Boolean& dataReady)
   at Microsoft.Data.SqlClient.SqlDataReader.TryConsumeMetaData()
   at Microsoft.Data.SqlClient.SqlDataReader.get_MetaData()
   at Microsoft.Data.SqlClient.SqlCommand.FinishExecuteReader(SqlDataReader ds, RunBehavior runBehavior, String resetOptionsString, Boolean isInternal, Boolean forDescribeParameterEncryption, Boolean shouldCacheForAlwaysEncrypted)
   at Microsoft.Data.SqlClient.SqlCommand.RunExecuteReaderTds(CommandBehavior cmdBehavior, RunBehavior runBehavior, Boolean returnStream, Boolean isAsync, Int32 timeout, Task& task, Boolean asyncWrite, Boolean inRetry, SqlDataReader ds, Boolean describeParameterEncryptionRequest)
   at Microsoft.Data.SqlClient.SqlCommand.RunExecuteReader(CommandBehavior cmdBehavior, RunBehavior runBehavior, Boolean returnStream, TaskCompletionSource`1 completion, Int32 timeout, Task& task, Boolean& usedCache, Boolean asyncWrite, Boolean inRetry, String method)
   at Microsoft.Data.SqlClient.SqlCommand.RunExecuteReader(CommandBehavior cmdBehavior, RunBehavior runBehavior, Boolean returnStream, String method)
   at Microsoft.Data.SqlClient.SqlCommand.ExecuteReader(CommandBehavior behavior)
   at Microsoft.Data.SqlClient.SqlCommand.ExecuteReader()
   at SurveyConfiguratorTask.Repo.QuestionRepo.SliderQuestionsLoad(String connectionString) in D:\SurveyConfiguratorTask\Repository\QuestionRepo.cs:line 53
   at SurveyConfiguratorTask.Repo.QuestionRepo.QuestionsLoad() in D:\SurveyConfiguratorTask\Repository\QuestionRepo.cs:line 29
   at Services.QuestionService.QuestionsLoadService() in D:\SurveyConfiguratorTask\Services\QuestionService.cs:line 28
ClientConnectionId:58839827-0962-47da-9ef6-749ca0d87c16
Error Number:207,State:1,Class:16

============================================================
2026-02-02 12:22:23.430 | Error | 
Message    : Error occurred while loading the question list.
Exception  :
Microsoft.Data.SqlClient.SqlException (0x80131904): Invalid column name 'SliderQuestion'.
   at Microsoft.Data.SqlClient.SqlConnection.OnError(SqlException exception, Boolean breakConnection, Action`1 wrapCloseInAction)
   at Microsoft.Data.SqlClient.SqlInternalConnection.OnError(SqlException exception, Boolean breakConnection, Action`1 wrapCloseInAction)
   at Microsoft.Data.SqlClient.TdsParser.ThrowExceptionAndWarning(TdsParserStateObject stateObj, SqlCommand command, Boolean callerHasConnectionLock, Boolean asyncClose)
   at Microsoft.Data.SqlClient.TdsParser.TryRun(RunBehavior runBehavior, SqlCommand cmdHandler, SqlDataReader dataStream, BulkCopySimpleResultSet bulkCopyHandler, TdsParserStateObject stateObj, Boolean& dataReady)
   at Microsoft.Data.SqlClient.SqlDataReader.TryConsumeMetaData()
   at Microsoft.Data.SqlClient.SqlDataReader.get_MetaData()
   at Microsoft.Data.SqlClient.SqlCommand.FinishExecuteReader(SqlDataReader ds, RunBehavior runBehavior, String resetOptionsString, Boolean isInternal, Boolean forDescribeParameterEncryption, Boolean shouldCacheForAlwaysEncrypted)
   at Microsoft.Data.SqlClient.SqlCommand.RunExecuteReaderTds(CommandBehavior cmdBehavior, RunBehavior runBehavior, Boolean returnStream, Boolean isAsync, Int32 timeout, Task& task, Boolean asyncWrite, Boolean inRetry, SqlDataReader ds, Boolean describeParameterEncryptionRequest)
   at Microsoft.Data.SqlClient.SqlCommand.RunExecuteReader(CommandBehavior cmdBehavior, RunBehavior runBehavior, Boolean returnStream, TaskCompletionSource`1 completion, Int32 timeout, Task& task, Boolean& usedCache, Boolean asyncWrite, Boolean inRetry, String method)
   at Microsoft.Data.SqlClient.SqlCommand.RunExecuteReader(CommandBehavior cmdBehavior, RunBehavior runBehavior, Boolean returnStream, String method)
   at Microsoft.Data.SqlClient.SqlCommand.ExecuteReader(CommandBehavior behavior)
   at Microsoft.Data.SqlClient.SqlCommand.ExecuteReader()
   at SurveyConfiguratorTask.Repo.QuestionRepo.SliderQuestionsLoad(String connectionString) in D:\SurveyConfiguratorTask\Repository\QuestionRepo.cs:line 53
   at SurveyConfiguratorTask.Repo.QuestionRepo.QuestionsLoad() in D:\SurveyConfiguratorTask\Repository\QuestionRepo.cs:line 29
   at Services.QuestionService.QuestionsLoadService() in D:\SurveyConfiguratorTask\Services\QuestionService.cs:line 28
ClientConnectionId:7299dfe3-371f-4441-8005-6909ac508bc7
Error Number:207,State:1,Class:16

============================================================
2026-02-02 12:22:46.626 | Error | 
Message    : Error occurred while loading the question list.
Exception  :
Microsoft.Data.SqlClient.SqlException (0x80131904): Invalid column name 'SliderQuestion'.
   at Microsoft.Data.SqlClient.SqlConnection.OnError(SqlException exception, Boolean breakConnection, Action`1 wrapCloseInAction)
   at Microsoft.Data.SqlClient.SqlInternalConnection.OnError(SqlException exception, Boolean breakConnection, Action`1 wrapCloseInAction)
   at Microsoft.Data.SqlClient.TdsParser.ThrowExceptionAndWarning(TdsParserStateObject stateObj, SqlCommand command, Boolean callerHasConnectionLock, Boolean asyncClose)
   at Microsoft.Data.SqlClient.TdsParser.TryRun(RunBehavior runBehavior, SqlCommand cmdHandler, SqlDataReader dataStream, BulkCopySimpleResultSet bulkCopyHandler, TdsParserStateObject stateObj, Boolean& dataReady)
   at Microsoft.Data.SqlClient.SqlDataReader.TryConsumeMetaData()
   at Microsoft.Data.SqlClient.SqlDataReader.get_MetaData()
   at Microsoft.Data.SqlClient.SqlCommand.FinishExecuteReader(SqlDataReader ds, RunBehavior runBehavior, String resetOptionsString, Boolean isInternal, Boolean forDescribeParameterEncryption, Boolean shouldCacheForAlwaysEncrypted)
   at Microsoft.Data.SqlClient.SqlCommand.RunExecuteReaderTds(CommandBehavior cmdBehavior, RunBehavior runBehavior, Boolean returnStream, Boolean isAsync, Int32 timeout, Task& task, Boolean asyncWrite, Boolean inRetry, SqlDataReader ds, Boolean describeParameterEncryptionRequest)
   at Microsoft.Data.SqlClient.SqlCommand.RunExecuteReader(CommandBehavior cmdBehavior, RunBehavior runBehavior, Boolean returnStream, TaskCompletionSource`1 completion, Int32 timeout, Task& task, Boolean& usedCache, Boolean asyncWrite, Boolean inRetry, String method)
   at Microsoft.Data.SqlClient.SqlCommand.RunExecuteReader(CommandBehavior cmdBehavior, RunBehavior runBehavior, Boolean returnStream, String method)
   at Microsoft.Data.SqlClient.SqlCommand.ExecuteReader(CommandBehavior behavior)
   at Microsoft.Data.SqlClient.SqlCommand.ExecuteReader()
   at SurveyConfiguratorTask.Repo.QuestionRepo.SliderQuestionsLoad(String connectionString) in D:\SurveyConfiguratorTask\Repository\QuestionRepo.cs:line 53
   at SurveyConfiguratorTask.Repo.QuestionRepo.QuestionsLoad() in D:\SurveyConfiguratorTask\Repository\QuestionRepo.cs:line 29
   at Services.QuestionService.QuestionsLoadService() in D:\SurveyConfiguratorTask\Services\QuestionService.cs:line 28
ClientConnectionId:5c13ac38-a0e3-441c-886b-1401789b2468
Error Number:207,State:1,Class:16

============================================================
2026-02-02 12:23:55.572 | Error | 
Message    : Error occurred while loading the question list.
Exception  :
Microsoft.Data.SqlClient.SqlException (0x80131904): Invalid column name 'SliderQuestion'.
   at Microsoft.Data.SqlClient.SqlConnection.OnError(SqlException exception, Boolean breakConnection, Action`1 wrapCloseInAction)
   at Microsoft.Data.SqlClient.SqlInternalConnection.OnError(SqlException exception, Boolean breakConnection, Action`1 wrapCloseInAction)
   at Microsoft.Data.SqlClient.TdsParser.ThrowExceptionAndWarning(TdsParserStateObject stateObj, SqlCommand command, Boolean callerHasConnectionLock, Boolean asyncClose)
   at Microsoft.Data.SqlClient.TdsParser.TryRun(RunBehavior runBehavior, SqlCommand cmdHandler, SqlDataReader dataStream, BulkCopySimpleResultSet bulkCopyHandler, TdsParserStateObject stateObj, Boolean& dataReady)
   at Microsoft.Data.SqlClient.SqlDataReader.TryConsumeMetaData()
   at Microsoft.Data.SqlClient.SqlDataReader.get_MetaData()
   at Microsoft.Data.SqlClient.SqlCommand.FinishExecuteReader(SqlDataReader ds, RunBehavior runBehavior, String resetOptionsString, Boolean isInternal, Boolean forDescribeParameterEncryption, Boolean shouldCacheForAlwaysEncrypted)
   at Microsoft.Data.SqlClient.SqlCommand.RunExecuteReaderTds(CommandBehavior cmdBehavior, RunBehavior runBehavior, Boolean returnStream, Boolean isAsync, Int32 timeout, Task& task, Boolean asyncWrite, Boolean inRetry, SqlDataReader ds, Boolean describeParameterEncryptionRequest)
   at Microsoft.Data.SqlClient.SqlCommand.RunExecuteReader(CommandBehavior cmdBehavior, RunBehavior runBehavior, Boolean returnStream, TaskCompletionSource`1 completion, Int32 timeout, Task& task, Boolean& usedCache, Boolean asyncWrite, Boolean inRetry, String method)
   at Microsoft.Data.SqlClient.SqlCommand.RunExecuteReader(CommandBehavior cmdBehavior, RunBehavior runBehavior, Boolean returnStream, String method)
   at Microsoft.Data.SqlClient.SqlCommand.ExecuteReader(CommandBehavior behavior)
   at Microsoft.Data.SqlClient.SqlCommand.ExecuteReader()
   at SurveyConfiguratorTask.Repo.QuestionRepo.SliderQuestionsLoad(String connectionString) in D:\SurveyConfiguratorTask\Repository\QuestionRepo.cs:line 53
   at SurveyConfiguratorTask.Repo.QuestionRepo.QuestionsLoad() in D:\SurveyConfiguratorTask\Repository\QuestionRepo.cs:line 29
   at Services.QuestionService.QuestionsLoadService() in D:\SurveyConfiguratorTask\Services\QuestionService.cs:line 28
ClientConnectionId:ea53e4ec-7a7a-4b4a-8dc1-6236ea49bb88
Error Number:207,State:1,Class:16

============================================================
2026-02-02 14:16:09.573 | Error | 
Message    : Error occurred while adding a question of type "SliderQuestion"
Exception  :
Microsoft.Data.SqlClient.SqlException (0x80131904): The variable name '@EndCaption' has already been declared. Variable names must be unique within a query batch or stored procedure.
   at Microsoft.Data.SqlClient.SqlConnection.OnError(SqlException exception, Boolean breakConnection, Action`1 wrapCloseInAction)
   at Microsoft.Data.SqlClient.SqlInternalConnection.OnError(SqlException exception, Boolean breakConnection, Action`1 wrapCloseInAction)
   at Microsoft.Data.SqlClient.TdsParser.ThrowExceptionAndWarning(TdsParserStateObject stateObj, SqlCommand command, Boolean callerHasConnectionLock, Boolean asyncClose)
   at Microsoft.Data.SqlClient.TdsParser.TryRun(RunBehavior runBehavior, SqlCommand cmdHandler, SqlDataReader dataStream, BulkCopySimpleResultSet bulkCopyHandler, TdsParserStateObject stateObj, Boolean& dataReady)
   at Microsoft.Data.SqlClient.SqlCommand.FinishExecuteReader(SqlDataReader ds, RunBehavior runBehavior, String resetOptionsString, Boolean isInternal, Boolean forDescribeParameterEncryption, Boolean shouldCacheForAlwaysEncrypted)
   at Microsoft.Data.SqlClient.SqlCommand.RunExecuteReaderTds(CommandBehavior cmdBehavior, RunBehavior runBehavior, Boolean returnStream, Boolean isAsync, Int32 timeout, Task& task, Boolean asyncWrite, Boolean inRetry, SqlDataReader ds, Boolean describeParameterEncryptionRequest)
   at Microsoft.Data.SqlClient.SqlCommand.RunExecuteReader(CommandBehavior cmdBehavior, RunBehavior runBehavior, Boolean returnStream, TaskCompletionSource`1 completion, Int32 timeout, Task& task, Boolean& usedCache, Boolean asyncWrite, Boolean inRetry, String method)
   at Microsoft.Data.SqlClient.SqlCommand.InternalExecuteNonQuery(TaskCompletionSource`1 completion, Boolean sendToPipe, Int32 timeout, Boolean& usedCache, Boolean asyncWrite, Boolean inRetry, String methodName)
   at Microsoft.Data.SqlClient.SqlCommand.ExecuteNonQuery()
   at SurveyConfiguratorTask.Repo.QuestionRepo.AddQuestion(Question question) in D:\SurveyConfiguratorTask\Repository\QuestionRepo.cs:line 219
   at Services.QuestionService.AddQuestionService(TypeQuestionEnum type, AddQuestionDto questionDto) in D:\SurveyConfiguratorTask\Services\QuestionService.cs:line 75
ClientConnectionId:20a2a61c-5661-4380-a8ed-dda3ec730e7d
Error Number:134,State:1,Class:15

============================================================
2026-02-02 14:17:38.243 | Error | 
Message    : Error occurred while adding a question of type "SliderQuestion"
Exception  :
Microsoft.Data.SqlClient.SqlException (0x80131904): The variable name '@EndCaption' has already been declared. Variable names must be unique within a query batch or stored procedure.
Must declare the scalar variable "@EndValue".
   at Microsoft.Data.SqlClient.SqlConnection.OnError(SqlException exception, Boolean breakConnection, Action`1 wrapCloseInAction)
   at Microsoft.Data.SqlClient.SqlInternalConnection.OnError(SqlException exception, Boolean breakConnection, Action`1 wrapCloseInAction)
   at Microsoft.Data.SqlClient.TdsParser.ThrowExceptionAndWarning(TdsParserStateObject stateObj, SqlCommand command, Boolean callerHasConnectionLock, Boolean asyncClose)
   at Microsoft.Data.SqlClient.TdsParser.TryRun(RunBehavior runBehavior, SqlCommand cmdHandler, SqlDataReader dataStream, BulkCopySimpleResultSet bulkCopyHandler, TdsParserStateObject stateObj, Boolean& dataReady)
   at Microsoft.Data.SqlClient.SqlCommand.FinishExecuteReader(SqlDataReader ds, RunBehavior runBehavior, String resetOptionsString, Boolean isInternal, Boolean forDescribeParameterEncryption, Boolean shouldCacheForAlwaysEncrypted)
   at Microsoft.Data.SqlClient.SqlCommand.RunExecuteReaderTds(CommandBehavior cmdBehavior, RunBehavior runBehavior, Boolean returnStream, Boolean isAsync, Int32 timeout, Task& task, Boolean asyncWrite, Boolean inRetry, SqlDataReader ds, Boolean describeParameterEncryptionRequest)
   at Microsoft.Data.SqlClient.SqlCommand.RunExecuteReader(CommandBehavior cmdBehavior, RunBehavior runBehavior, Boolean returnStream, TaskCompletionSource`1 completion, Int32 timeout, Task& task, Boolean& usedCache, Boolean asyncWrite, Boolean inRetry, String method)
   at Microsoft.Data.SqlClient.SqlCommand.InternalExecuteNonQuery(TaskCompletionSource`1 completion, Boolean sendToPipe, Int32 timeout, Boolean& usedCache, Boolean asyncWrite, Boolean inRetry, String methodName)
   at Microsoft.Data.SqlClient.SqlCommand.ExecuteNonQuery()
   at SurveyConfiguratorTask.Repo.QuestionRepo.AddQuestion(Question question) in D:\SurveyConfiguratorTask\Repository\QuestionRepo.cs:line 219
   at Services.QuestionService.AddQuestionService(TypeQuestionEnum type, AddQuestionDto questionDto) in D:\SurveyConfiguratorTask\Services\QuestionService.cs:line 75
ClientConnectionId:6042c1b8-ea15-4aa4-888c-42cbcb599416
Error Number:134,State:1,Class:15

============================================================
2026-02-02 14:18:44.545 | Error | 
Message    : Error occurred while adding a question of type "SliderQuestion"
Exception  :
System.ArgumentException: Parameter caption can't be empty. (Parameter 'caption')
   at SurveyConfiguratorTask.Models.SliderQuestion.SetStartCaption(String caption) in D:\SurveyConfiguratorTask\Models\SliderQuestion.cs:line 69
   at SurveyConfiguratorTask.Models.SliderQuestion..ctor(String text, Int32 order, Int32 startValue, Int32 endValue, String startCaption, String endCaption) in D:\SurveyConfiguratorTask\Models\SliderQuestion.cs:line 23
   at Services.QuestionService.AddQuestionService(TypeQuestionEnum type, AddQuestionDto questionDto) in D:\SurveyConfiguratorTask\Services\QuestionService.cs:line 58

============================================================
2026-02-02 14:29:08.683 | Error | 
Message    : Error occurred while editing a question with Id "922dffe9-6bb5-43ab-9a30-cc8c04dab52b"
Exception  :
Microsoft.Data.SqlClient.SqlException (0x80131904): Incorrect syntax near 'SliderQuestion'.
   at Microsoft.Data.SqlClient.SqlConnection.OnError(SqlException exception, Boolean breakConnection, Action`1 wrapCloseInAction)
   at Microsoft.Data.SqlClient.SqlInternalConnection.OnError(SqlException exception, Boolean breakConnection, Action`1 wrapCloseInAction)
   at Microsoft.Data.SqlClient.TdsParser.ThrowExceptionAndWarning(TdsParserStateObject stateObj, SqlCommand command, Boolean callerHasConnectionLock, Boolean asyncClose)
   at Microsoft.Data.SqlClient.TdsParser.TryRun(RunBehavior runBehavior, SqlCommand cmdHandler, SqlDataReader dataStream, BulkCopySimpleResultSet bulkCopyHandler, TdsParserStateObject stateObj, Boolean& dataReady)
   at Microsoft.Data.SqlClient.SqlCommand.FinishExecuteReader(SqlDataReader ds, RunBehavior runBehavior, String resetOptionsString, Boolean isInternal, Boolean forDescribeParameterEncryption, Boolean shouldCacheForAlwaysEncrypted)
   at Microsoft.Data.SqlClient.SqlCommand.RunExecuteReaderTds(CommandBehavior cmdBehavior, RunBehavior runBehavior, Boolean returnStream, Boolean isAsync, Int32 timeout, Task& task, Boolean asyncWrite, Boolean inRetry, SqlDataReader ds, Boolean describeParameterEncryptionRequest)
   at Microsoft.Data.SqlClient.SqlCommand.RunExecuteReader(CommandBehavior cmdBehavior, RunBehavior runBehavior, Boolean returnStream, TaskCompletionSource`1 completion, Int32 timeout, Task& task, Boolean& usedCache, Boolean asyncWrite, Boolean inRetry, String method)
   at Microsoft.Data.SqlClient.SqlCommand.InternalExecuteNonQuery(TaskCompletionSource`1 completion, Boolean sendToPipe, Int32 timeout, Boolean& usedCache, Boolean asyncWrite, Boolean inRetry, String methodName)
   at Microsoft.Data.SqlClient.SqlCommand.ExecuteNonQuery()
   at SurveyConfiguratorTask.Repo.QuestionRepo.EditQuestion(Question question) in D:\SurveyConfiguratorTask\Repository\QuestionRepo.cs:line 319
   at Services.QuestionService.EditQuestionService(Guid id, EditContext editContext) in D:\SurveyConfiguratorTask\Services\QuestionService.cs:line 171
ClientConnectionId:006cfa1f-38b0-4d63-a50a-eb9e645a2da6
Error Number:102,State:1,Class:15

============================================================
2026-02-02 14:30:40.332 | Error | 
Message    : Error occurred while editing a question with Id "922dffe9-6bb5-43ab-9a30-cc8c04dab52b"
Exception  :
Microsoft.Data.SqlClient.SqlException (0x80131904): Incorrect syntax near 'SliderQuestion'.
   at Microsoft.Data.SqlClient.SqlConnection.OnError(SqlException exception, Boolean breakConnection, Action`1 wrapCloseInAction)
   at Microsoft.Data.SqlClient.SqlInternalConnection.OnError(SqlException exception, Boolean breakConnection, Action`1 wrapCloseInAction)
   at Microsoft.Data.SqlClient.TdsParser.ThrowExceptionAndWarning(TdsParserStateObject stateObj, SqlCommand command, Boolean callerHasConnectionLock, Boolean asyncClose)
   at Microsoft.Data.SqlClient.TdsParser.TryRun(RunBehavior runBehavior, SqlCommand cmdHandler, SqlDataReader dataStream, BulkCopySimpleResultSet bulkCopyHandler, TdsParserStateObject stateObj, Boolean& dataReady)
   at Microsoft.Data.SqlClient.SqlCommand.FinishExecuteReader(SqlDataReader ds, RunBehavior runBehavior, String resetOptionsString, Boolean isInternal, Boolean forDescribeParameterEncryption, Boolean shouldCacheForAlwaysEncrypted)
   at Microsoft.Data.SqlClient.SqlCommand.RunExecuteReaderTds(CommandBehavior cmdBehavior, RunBehavior runBehavior, Boolean returnStream, Boolean isAsync, Int32 timeout, Task& task, Boolean asyncWrite, Boolean inRetry, SqlDataReader ds, Boolean describeParameterEncryptionRequest)
   at Microsoft.Data.SqlClient.SqlCommand.RunExecuteReader(CommandBehavior cmdBehavior, RunBehavior runBehavior, Boolean returnStream, TaskCompletionSource`1 completion, Int32 timeout, Task& task, Boolean& usedCache, Boolean asyncWrite, Boolean inRetry, String method)
   at Microsoft.Data.SqlClient.SqlCommand.InternalExecuteNonQuery(TaskCompletionSource`1 completion, Boolean sendToPipe, Int32 timeout, Boolean& usedCache, Boolean asyncWrite, Boolean inRetry, String methodName)
   at Microsoft.Data.SqlClient.SqlCommand.ExecuteNonQuery()
   at SurveyConfiguratorTask.Repo.QuestionRepo.EditQuestion(Question question) in D:\SurveyConfiguratorTask\Repository\QuestionRepo.cs:line 319
   at Services.QuestionService.EditQuestionService(Guid id, EditContext editContext) in D:\SurveyConfiguratorTask\Services\QuestionService.cs:line 171
ClientConnectionId:006cfa1f-38b0-4d63-a50a-eb9e645a2da6
Error Number:102,State:1,Class:15

============================================================
2026-02-02 14:32:07.540 | Error | 
Message    : Error occurred while editing a question with Id "922dffe9-6bb5-43ab-9a30-cc8c04dab52b"
Exception  :
Microsoft.Data.SqlClient.SqlException (0x80131904): Must declare the scalar variable "@EndCaptionWHERE".
   at Microsoft.Data.SqlClient.SqlConnection.OnError(SqlException exception, Boolean breakConnection, Action`1 wrapCloseInAction)
   at Microsoft.Data.SqlClient.SqlInternalConnection.OnError(SqlException exception, Boolean breakConnection, Action`1 wrapCloseInAction)
   at Microsoft.Data.SqlClient.TdsParser.ThrowExceptionAndWarning(TdsParserStateObject stateObj, SqlCommand command, Boolean callerHasConnectionLock, Boolean asyncClose)
   at Microsoft.Data.SqlClient.TdsParser.TryRun(RunBehavior runBehavior, SqlCommand cmdHandler, SqlDataReader dataStream, BulkCopySimpleResultSet bulkCopyHandler, TdsParserStateObject stateObj, Boolean& dataReady)
   at Microsoft.Data.SqlClient.SqlCommand.FinishExecuteReader(SqlDataReader ds, RunBehavior runBehavior, String resetOptionsString, Boolean isInternal, Boolean forDescribeParameterEncryption, Boolean shouldCacheForAlwaysEncrypted)
   at Microsoft.Data.SqlClient.SqlCommand.RunExecuteReaderTds(CommandBehavior cmdBehavior, RunBehavior runBehavior, Boolean returnStream, Boolean isAsync, Int32 timeout, Task& task, Boolean asyncWrite, Boolean inRetry, SqlDataReader ds, Boolean describeParameterEncryptionRequest)
   at Microsoft.Data.SqlClient.SqlCommand.RunExecuteReader(CommandBehavior cmdBehavior, RunBehavior runBehavior, Boolean returnStream, TaskCompletionSource`1 completion, Int32 timeout, Task& task, Boolean& usedCache, Boolean asyncWrite, Boolean inRetry, String method)
   at Microsoft.Data.SqlClient.SqlCommand.InternalExecuteNonQuery(TaskCompletionSource`1 completion, Boolean sendToPipe, Int32 timeout, Boolean& usedCache, Boolean asyncWrite, Boolean inRetry, String methodName)
   at Microsoft.Data.SqlClient.SqlCommand.ExecuteNonQuery()
   at SurveyConfiguratorTask.Repo.QuestionRepo.EditQuestion(Question question) in D:\SurveyConfiguratorTask\Repository\QuestionRepo.cs:line 319
   at Services.QuestionService.EditQuestionService(Guid id, EditContext editContext) in D:\SurveyConfiguratorTask\Services\QuestionService.cs:line 171
ClientConnectionId:618ae2cf-c802-4291-a1ff-4c4ffc75cfd0
Error Number:137,State:2,Class:15

============================================================
2026-02-02 15:25:56.054 | Error | 
Message    : Error occurred while adding a question of type "StarsQuestion"
Exception  :
System.IndexOutOfRangeException: Order value is invalid.
   at Services.QuestionService.AddQuestionService(TypeQuestionEnum type, AddQuestionDto questionDto) in D:\SurveyConfiguratorTask\Services\QuestionService.cs:line 76

============================================================
2026-02-02 15:25:59.221 | Error | 
Message    : Error occurred while adding a question of type "StarsQuestion"
Exception  :
System.IndexOutOfRangeException: Order value is invalid.
   at Services.QuestionService.AddQuestionService(TypeQuestionEnum type, AddQuestionDto questionDto) in D:\SurveyConfiguratorTask\Services\QuestionService.cs:line 76

============================================================
2026-02-02 15:27:58.920 | Error | 
Message    : Error occurred while adding a question of type "StarsQuestion"
Exception  :
System.IndexOutOfRangeException: Order value is invalid.
   at Services.QuestionService.AddQuestionService(TypeQuestionEnum type, AddQuestionDto questionDto) in D:\SurveyConfiguratorTask\Services\QuestionService.cs:line 76

============================================================
2026-02-02 15:28:07.987 | Error | 
Message    : Error occurred while adding a question of type "StarsQuestion"
Exception  :
System.IndexOutOfRangeException: Order value is invalid.
   at Services.QuestionService.AddQuestionService(TypeQuestionEnum type, AddQuestionDto questionDto) in D:\SurveyConfiguratorTask\Services\QuestionService.cs:line 76

============================================================
2026-02-02 15:28:17.461 | Error | 
Message    : Error occurred while adding a question of type "StarsQuestion"
Exception  :
System.IndexOutOfRangeException: Order value is invalid.
   at Services.QuestionService.AddQuestionService(TypeQuestionEnum type, AddQuestionDto questionDto) in D:\SurveyConfiguratorTask\Services\QuestionService.cs:line 76

============================================================
2026-02-02 15:28:18.588 | Error | 
Message    : Error occurred while adding a question of type "StarsQuestion"
Exception  :
System.IndexOutOfRangeException: Order value is invalid.
   at Services.QuestionService.AddQuestionService(TypeQuestionEnum type, AddQuestionDto questionDto) in D:\SurveyConfiguratorTask\Services\QuestionService.cs:line 76

============================================================
2026-02-03 13:08:25.726 | Error | 
Message    : Error occurred while adding a question of type "SliderQuestion"
Exception  :
System.ArgumentException: Parameter text can't be empty. (Parameter 'text')
   at SurveyConfiguratorTask.Models.Question.SetText(String text) in D:\SurveyConfiguratorTask\Models\Question.cs:line 42
   at SurveyConfiguratorTask.Models.Question..ctor(String text, Int32 order, TypeQuestionEnum type) in D:\SurveyConfiguratorTask\Models\Question.cs:line 24
   at SurveyConfiguratorTask.Models.SliderQuestion..ctor(String text, Int32 order, Int32 startValue, Int32 endValue, String startCaption, String endCaption) in D:\SurveyConfiguratorTask\Models\SliderQuestion.cs:line 20
   at Services.QuestionService.AddQuestionService(TypeQuestionEnum type, AddQuestionDto questionDto) in D:\SurveyConfiguratorTask\Services\QuestionService.cs:line 58

============================================================
2026-02-03 15:26:09.330 | Error | 
Message    : Validation failed: invalid argument.
Exception  :
System.ArgumentException: text (Parameter 'The text cannot be empty. Please enter a valid value.')
   at SurveyConfiguratorTask.Models.Question.SetText(String text) in D:\SurveyConfiguratorTask\Models\Question.cs:line 42
   at SurveyConfiguratorTask.Models.Question..ctor(String text, Int32 order, TypeQuestionEnum type) in D:\SurveyConfiguratorTask\Models\Question.cs:line 24
   at SurveyConfiguratorTask.Models.StarsQuestion..ctor(String text, Int32 order, Int32 count) in D:\SurveyConfiguratorTask\Models\StarsQuestion.cs:line 16
   at Services.QuestionService.AddQuestionService(TypeQuestionEnum type, AddQuestionDto questionDto) in D:\SurveyConfiguratorTask\Services\QuestionService.cs:line 69

============================================================
2026-02-03 15:26:20.187 | Error | 
Message    : Validation failed: invalid argument.
Exception  :
System.ArgumentException: text (Parameter 'The text cannot be empty. Please enter a valid value.')
   at SurveyConfiguratorTask.Models.Question.SetText(String text) in D:\SurveyConfiguratorTask\Models\Question.cs:line 42
   at SurveyConfiguratorTask.Models.Question..ctor(String text, Int32 order, TypeQuestionEnum type) in D:\SurveyConfiguratorTask\Models\Question.cs:line 24
   at SurveyConfiguratorTask.Models.StarsQuestion..ctor(String text, Int32 order, Int32 count) in D:\SurveyConfiguratorTask\Models\StarsQuestion.cs:line 16
   at Services.QuestionService.AddQuestionService(TypeQuestionEnum type, AddQuestionDto questionDto) in D:\SurveyConfiguratorTask\Services\QuestionService.cs:line 69

============================================================
2026-02-03 15:31:33.149 | Error | 
Message    : Validation failed: invalid argument.
Exception  :
System.ArgumentException: text (Parameter 'The text cannot be empty. Please enter a valid value.')
   at SurveyConfiguratorTask.Models.Question.SetText(String text) in D:\SurveyConfiguratorTask\Models\Question.cs:line 42
   at SurveyConfiguratorTask.Models.Question..ctor(String text, Int32 order, TypeQuestionEnum type) in D:\SurveyConfiguratorTask\Models\Question.cs:line 24
   at SurveyConfiguratorTask.Models.StarsQuestion..ctor(String text, Int32 order, Int32 count) in D:\SurveyConfiguratorTask\Models\StarsQuestion.cs:line 16
   at Services.QuestionService.AddQuestionService(TypeQuestionEnum type, AddQuestionDto questionDto) in D:\SurveyConfiguratorTask\Services\QuestionService.cs:line 69

============================================================
2026-02-03 15:31:43.086 | Error | 
Message    : Validation failed: invalid argument.
Exception  :
System.ArgumentException: text (Parameter 'The text cannot be empty. Please enter a valid value.')
   at SurveyConfiguratorTask.Models.Question.SetText(String text) in D:\SurveyConfiguratorTask\Models\Question.cs:line 42
   at SurveyConfiguratorTask.Models.Question..ctor(String text, Int32 order, TypeQuestionEnum type) in D:\SurveyConfiguratorTask\Models\Question.cs:line 24
   at SurveyConfiguratorTask.Models.StarsQuestion..ctor(String text, Int32 order, Int32 count) in D:\SurveyConfiguratorTask\Models\StarsQuestion.cs:line 16
   at Services.QuestionService.AddQuestionService(TypeQuestionEnum type, AddQuestionDto questionDto) in D:\SurveyConfiguratorTask\Services\QuestionService.cs:line 69

============================================================
2026-02-03 15:36:56.855 | Error | 
Message    : Validation failed: invalid argument.
Exception  :
System.ArgumentException: The text cannot be empty. Please enter a valid value. (Parameter 'text')
   at SurveyConfiguratorTask.Models.Question.SetText(String text) in D:\SurveyConfiguratorTask\Models\Question.cs:line 42
   at SurveyConfiguratorTask.Models.Question..ctor(String text, Int32 order, TypeQuestionEnum type) in D:\SurveyConfiguratorTask\Models\Question.cs:line 24
   at SurveyConfiguratorTask.Models.StarsQuestion..ctor(String text, Int32 order, Int32 count) in D:\SurveyConfiguratorTask\Models\StarsQuestion.cs:line 16
   at Services.QuestionService.AddQuestionService(TypeQuestionEnum type, AddQuestionDto questionDto) in D:\SurveyConfiguratorTask\Services\QuestionService.cs:line 69

============================================================
2026-02-03 15:41:24.757 | Error | 
Message    : Validation failed: invalid argument.
Exception  :
System.ArgumentException: text (Parameter 'The text cannot be empty. Please enter a valid value.')
   at SurveyConfiguratorTask.Models.Question.SetText(String text) in D:\SurveyConfiguratorTask\Models\Question.cs:line 42
   at SurveyConfiguratorTask.Models.Question..ctor(String text, Int32 order, TypeQuestionEnum type) in D:\SurveyConfiguratorTask\Models\Question.cs:line 24
   at SurveyConfiguratorTask.Models.StarsQuestion..ctor(String text, Int32 order, Int32 count) in D:\SurveyConfiguratorTask\Models\StarsQuestion.cs:line 16
   at Services.QuestionService.AddQuestionService(TypeQuestionEnum type, AddQuestionDto questionDto) in D:\SurveyConfiguratorTask\Services\QuestionService.cs:line 69

============================================================
2026-02-03 15:41:56.798 | Error | 
Message    : Validation failed: invalid argument.
Exception  :
System.ArgumentException: The text cannot be empty. Please enter a valid value. (Parameter 'text')
   at SurveyConfiguratorTask.Models.Question.SetText(String text) in D:\SurveyConfiguratorTask\Models\Question.cs:line 42
   at SurveyConfiguratorTask.Models.Question..ctor(String text, Int32 order, TypeQuestionEnum type) in D:\SurveyConfiguratorTask\Models\Question.cs:line 24
   at SurveyConfiguratorTask.Models.StarsQuestion..ctor(String text, Int32 order, Int32 count) in D:\SurveyConfiguratorTask\Models\StarsQuestion.cs:line 16
   at Services.QuestionService.AddQuestionService(TypeQuestionEnum type, AddQuestionDto questionDto) in D:\SurveyConfiguratorTask\Services\QuestionService.cs:line 69

============================================================
2026-02-03 15:42:04.176 | Error | 
Message    : Validation failed: invalid argument.
Exception  :
System.ArgumentException: The text cannot be empty. Please enter a valid value. (Parameter 'text')
   at SurveyConfiguratorTask.Models.Question.SetText(String text) in D:\SurveyConfiguratorTask\Models\Question.cs:line 42
   at SurveyConfiguratorTask.Models.Question..ctor(String text, Int32 order, TypeQuestionEnum type) in D:\SurveyConfiguratorTask\Models\Question.cs:line 24
   at SurveyConfiguratorTask.Models.StarsQuestion..ctor(String text, Int32 order, Int32 count) in D:\SurveyConfiguratorTask\Models\StarsQuestion.cs:line 16
   at Services.QuestionService.AddQuestionService(TypeQuestionEnum type, AddQuestionDto questionDto) in D:\SurveyConfiguratorTask\Services\QuestionService.cs:line 69

============================================================
2026-02-03 15:45:59.148 | Error | 
Message    : Validation failed: invalid argument.
Exception  :
System.ArgumentException: The text cannot be empty. Please enter a valid value.
   at SurveyConfiguratorTask.Models.Question.SetText(String text) in D:\SurveyConfiguratorTask\Models\Question.cs:line 42
   at SurveyConfiguratorTask.Models.Question..ctor(String text, Int32 order, TypeQuestionEnum type) in D:\SurveyConfiguratorTask\Models\Question.cs:line 24
   at SurveyConfiguratorTask.Models.StarsQuestion..ctor(String text, Int32 order, Int32 count) in D:\SurveyConfiguratorTask\Models\StarsQuestion.cs:line 16
   at Services.QuestionService.AddQuestionService(TypeQuestionEnum type, AddQuestionDto questionDto) in D:\SurveyConfiguratorTask\Services\QuestionService.cs:line 69

============================================================
2026-02-03 15:46:05.238 | Error | 
Message    : Validation failed: invalid argument.
Exception  :
System.ArgumentException: The text cannot be empty. Please enter a valid value.
   at SurveyConfiguratorTask.Models.Question.SetText(String text) in D:\SurveyConfiguratorTask\Models\Question.cs:line 42
   at SurveyConfiguratorTask.Models.Question..ctor(String text, Int32 order, TypeQuestionEnum type) in D:\SurveyConfiguratorTask\Models\Question.cs:line 24
   at SurveyConfiguratorTask.Models.StarsQuestion..ctor(String text, Int32 order, Int32 count) in D:\SurveyConfiguratorTask\Models\StarsQuestion.cs:line 16
   at Services.QuestionService.AddQuestionService(TypeQuestionEnum type, AddQuestionDto questionDto) in D:\SurveyConfiguratorTask\Services\QuestionService.cs:line 69

============================================================
2026-02-03 15:53:11.500 | Error | 
Message    : Validation failed: invalid argument.
Exception  :
System.ArgumentException: The text cannot be empty. Please enter a valid value.
   at SurveyConfiguratorTask.Models.Question.SetText(String text) in D:\SurveyConfiguratorTask\Models\Question.cs:line 42
   at SurveyConfiguratorTask.Models.Question..ctor(String text, Int32 order, TypeQuestionEnum type) in D:\SurveyConfiguratorTask\Models\Question.cs:line 24
   at SurveyConfiguratorTask.Models.StarsQuestion..ctor(String text, Int32 order, Int32 count) in D:\SurveyConfiguratorTask\Models\StarsQuestion.cs:line 16
   at Services.QuestionService.AddQuestionService(TypeQuestionEnum type, AddQuestionDto questionDto) in D:\SurveyConfiguratorTask\Services\QuestionService.cs:line 69

============================================================
2026-02-03 15:53:16.638 | Error | 
Message    : Validation failed: invalid argument.
Exception  :
System.ArgumentException: The text cannot be empty. Please enter a valid value.
   at SurveyConfiguratorTask.Models.Question.SetText(String text) in D:\SurveyConfiguratorTask\Models\Question.cs:line 42
   at SurveyConfiguratorTask.Models.Question..ctor(String text, Int32 order, TypeQuestionEnum type) in D:\SurveyConfiguratorTask\Models\Question.cs:line 24
   at SurveyConfiguratorTask.Models.StarsQuestion..ctor(String text, Int32 order, Int32 count) in D:\SurveyConfiguratorTask\Models\StarsQuestion.cs:line 16
   at Services.QuestionService.AddQuestionService(TypeQuestionEnum type, AddQuestionDto questionDto) in D:\SurveyConfiguratorTask\Services\QuestionService.cs:line 69

============================================================
2026-02-03 15:53:18.757 | Error | 
Message    : Validation failed: invalid argument.
Exception  :
System.ArgumentException: The text cannot be empty. Please enter a valid value.
   at SurveyConfiguratorTask.Models.Question.SetText(String text) in D:\SurveyConfiguratorTask\Models\Question.cs:line 42
   at SurveyConfiguratorTask.Models.Question..ctor(String text, Int32 order, TypeQuestionEnum type) in D:\SurveyConfiguratorTask\Models\Question.cs:line 24
   at SurveyConfiguratorTask.Models.StarsQuestion..ctor(String text, Int32 order, Int32 count) in D:\SurveyConfiguratorTask\Models\StarsQuestion.cs:line 16
   at Services.QuestionService.AddQuestionService(TypeQuestionEnum type, AddQuestionDto questionDto) in D:\SurveyConfiguratorTask\Services\QuestionService.cs:line 69

============================================================
2026-02-03 15:56:23.673 | Error | 
Message    : Error occurred while adding a question of type "StarsQuestion"
Exception  :
System.IndexOutOfRangeException: Order value must be between 1 and 11. Please enter a valid number.
   at Services.QuestionService.AddQuestionService(TypeQuestionEnum type, AddQuestionDto questionDto) in D:\SurveyConfiguratorTask\Services\QuestionService.cs:line 80

============================================================
2026-02-03 15:58:38.892 | Error | 
Message    : Validation failed: value out of range.
Exception  :
System.ArgumentOutOfRangeException: Specified argument was out of the range of valid values. (Parameter 'Order value must be between 1 and 11. Please enter a valid number.')
   at Services.QuestionService.AddQuestionService(TypeQuestionEnum type, AddQuestionDto questionDto) in D:\SurveyConfiguratorTask\Services\QuestionService.cs:line 80

============================================================
2026-02-03 15:59:27.721 | Error | 
Message    : Validation failed: value out of range.
Exception  :
System.ArgumentOutOfRangeException: Specified argument was out of the range of valid values. (Parameter 'Order value must be between 1 and 11. Please enter a valid number.')
   at Services.QuestionService.AddQuestionService(TypeQuestionEnum type, AddQuestionDto questionDto) in D:\SurveyConfiguratorTask\Services\QuestionService.cs:line 80

============================================================
2026-02-03 16:03:21.011 | Error | 
Message    : Validation failed: value out of range.
Exception  :
System.ArgumentOutOfRangeException: Order value must be between 1 and 11. Please enter a valid number.
   at Services.QuestionService.AddQuestionService(TypeQuestionEnum type, AddQuestionDto questionDto) in D:\SurveyConfiguratorTask\Services\QuestionService.cs:line 80

============================================================
2026-02-03 16:03:28.295 | Error | 
Message    : Validation failed: value out of range.
Exception  :
System.ArgumentOutOfRangeException: Order value must be between 1 and 11. Please enter a valid number.
   at Services.QuestionService.AddQuestionService(TypeQuestionEnum type, AddQuestionDto questionDto) in D:\SurveyConfiguratorTask\Services\QuestionService.cs:line 80

============================================================
2026-02-03 16:04:54.225 | Error | 
Message    : Validation failed: invalid argument.
Exception  :
System.ArgumentException: The text cannot be empty. Please enter a valid value.
   at SurveyConfiguratorTask.Models.Question.SetText(String text) in D:\SurveyConfiguratorTask\Models\Question.cs:line 42
   at SurveyConfiguratorTask.Models.Question..ctor(String text, Int32 order, TypeQuestionEnum type) in D:\SurveyConfiguratorTask\Models\Question.cs:line 24
   at SurveyConfiguratorTask.Models.StarsQuestion..ctor(String text, Int32 order, Int32 count) in D:\SurveyConfiguratorTask\Models\StarsQuestion.cs:line 16
   at Services.QuestionService.AddQuestionService(TypeQuestionEnum type, AddQuestionDto questionDto) in D:\SurveyConfiguratorTask\Services\QuestionService.cs:line 69

============================================================
2026-02-04 11:52:43.073 | Error | 
Message    : Validation failed: invalid argument.
Exception  :
System.ArgumentException: The text cannot be empty. Please enter a valid value.
   at SurveyConfiguratorTask.Models.Question.SetText(String text) in D:\SurveyConfiguratorTask\Models\Question.cs:line 42
   at SurveyConfiguratorTask.Models.Question..ctor(String text, Int32 order, TypeQuestionEnum type) in D:\SurveyConfiguratorTask\Models\Question.cs:line 24
   at SurveyConfiguratorTask.Models.StarsQuestion..ctor(String text, Int32 order, Int32 count) in D:\SurveyConfiguratorTask\Models\StarsQuestion.cs:line 16
   at Services.QuestionService.AddQuestionService(TypeQuestionEnum type, AddQuestionDto questionDto) in D:\SurveyConfiguratorTask\Services\QuestionService.cs:line 69

============================================================
2026-02-04 11:52:50.335 | Error | 
Message    : Validation failed: value out of range.
Exception  :
System.ArgumentOutOfRangeException: Order value must be between 1 and 14. Please enter a valid number.
   at Services.QuestionService.AddQuestionService(TypeQuestionEnum type, AddQuestionDto questionDto) in D:\SurveyConfiguratorTask\Services\QuestionService.cs:line 80

============================================================
2026-02-04 11:52:55.477 | Error | 
Message    : Validation failed: value out of range.
Exception  :
System.ArgumentOutOfRangeException: Order value must be between 1 and 14. Please enter a valid number.
   at Services.QuestionService.AddQuestionService(TypeQuestionEnum type, AddQuestionDto questionDto) in D:\SurveyConfiguratorTask\Services\QuestionService.cs:line 80

============================================================
2026-02-04 15:10:42.171 | Error | 
Message    : Validation failed: value out of range.
Exception  :
System.ArgumentOutOfRangeException: Order value must be between 1 and 15. Please enter a valid number.
   at Services.QuestionService.AddQuestionService(TypeQuestionEnum type, AddQuestionDto questionDto) in D:\SurveyConfiguratorTask\Services\QuestionService.cs:line 82

============================================================
2026-02-04 15:10:46.176 | Error | 
Message    : Validation failed: value out of range.
Exception  :
System.ArgumentOutOfRangeException: Order value must be between 1 and 15. Please enter a valid number.
   at Services.QuestionService.AddQuestionService(TypeQuestionEnum type, AddQuestionDto questionDto) in D:\SurveyConfiguratorTask\Services\QuestionService.cs:line 82

============================================================
2026-02-04 15:10:53.813 | Error | 
Message    : Validation failed: invalid argument.
Exception  :
System.ArgumentException: Please enter a caption. It cannot be empty.
   at SurveyConfiguratorTask.Models.SliderQuestion.SetStartCaption(String caption) in D:\SurveyConfiguratorTask\Models\SliderQuestion.cs:line 70
   at SurveyConfiguratorTask.Models.SliderQuestion..ctor(String text, Int32 order, Int32 startValue, Int32 endValue, String startCaption, String endCaption) in D:\SurveyConfiguratorTask\Models\SliderQuestion.cs:line 23
   at Services.QuestionService.AddQuestionService(TypeQuestionEnum type, AddQuestionDto questionDto) in D:\SurveyConfiguratorTask\Services\QuestionService.cs:line 62

============================================================
2026-02-04 15:10:58.750 | Error | 
Message    : Validation failed: invalid argument.
Exception  :
System.ArgumentException: Please enter a caption. It cannot be empty.
   at SurveyConfiguratorTask.Models.SliderQuestion.SetEndCaption(String caption) in D:\SurveyConfiguratorTask\Models\SliderQuestion.cs:line 81
   at SurveyConfiguratorTask.Models.SliderQuestion..ctor(String text, Int32 order, Int32 startValue, Int32 endValue, String startCaption, String endCaption) in D:\SurveyConfiguratorTask\Models\SliderQuestion.cs:line 24
   at Services.QuestionService.AddQuestionService(TypeQuestionEnum type, AddQuestionDto questionDto) in D:\SurveyConfiguratorTask\Services\QuestionService.cs:line 62

============================================================
2026-02-04 15:11:02.467 | Error | 
Message    : Validation failed: value out of range.
Exception  :
System.ArgumentOutOfRangeException: End value must be between 1 and 100. Please enter a valid number.
   at SurveyConfiguratorTask.Models.SliderQuestion.SetEndValue(Int32 value) in D:\SurveyConfiguratorTask\Models\SliderQuestion.cs:line 56
   at SurveyConfiguratorTask.Models.SliderQuestion..ctor(String text, Int32 order, Int32 startValue, Int32 endValue, String startCaption, String endCaption) in D:\SurveyConfiguratorTask\Models\SliderQuestion.cs:line 26
   at Services.QuestionService.AddQuestionService(TypeQuestionEnum type, AddQuestionDto questionDto) in D:\SurveyConfiguratorTask\Services\QuestionService.cs:line 62

============================================================
2026-02-04 15:11:18.395 | Error | 
Message    : Validation failed: value out of range.
Exception  :
System.ArgumentOutOfRangeException: Order value must be between 1 and 15. Please enter a valid number.
   at Services.QuestionService.AddQuestionService(TypeQuestionEnum type, AddQuestionDto questionDto) in D:\SurveyConfiguratorTask\Services\QuestionService.cs:line 82

============================================================
2026-02-04 15:11:51.230 | Error | 
Message    : Validation failed: invalid argument.
Exception  :
System.ArgumentException: The text cannot be empty. Please enter a valid value.
   at SurveyConfiguratorTask.Models.Question.SetText(String text) in D:\SurveyConfiguratorTask\Models\Question.cs:line 42
   at SurveyConfiguratorTask.Models.Question..ctor(Guid id, String text, Int32 order) in D:\SurveyConfiguratorTask\Models\Question.cs:line 32
   at SurveyConfiguratorTask.Models.StarsQuestion..ctor(Guid id, String text, Int32 order, Int32 starsCount) in D:\SurveyConfiguratorTask\Models\StarsQuestion.cs:line 22
   at Services.QuestionService.EditQuestionService(Guid id, EditContext editContext) in D:\SurveyConfiguratorTask\Services\QuestionService.cs:line 232

============================================================
2026-02-04 15:12:17.348 | Error | 
Message    : Validation failed: value out of range.
Exception  :
System.ArgumentOutOfRangeException: Order value must be between 1 and 16. Please enter a valid number.
   at Services.QuestionService.EditQuestionService(Guid id, EditContext editContext) in D:\SurveyConfiguratorTask\Services\QuestionService.cs:line 244

============================================================
2026-02-04 15:12:22.452 | Error | 
Message    : Validation failed: value out of range.
Exception  :
System.ArgumentOutOfRangeException: Order value must be between 1 and 16. Please enter a valid number.
   at Services.QuestionService.EditQuestionService(Guid id, EditContext editContext) in D:\SurveyConfiguratorTask\Services\QuestionService.cs:line 244

============================================================
2026-02-04 15:12:23.165 | Error | 
Message    : Validation failed: value out of range.
Exception  :
System.ArgumentOutOfRangeException: Order value must be between 1 and 16. Please enter a valid number.
   at Services.QuestionService.EditQuestionService(Guid id, EditContext editContext) in D:\SurveyConfiguratorTask\Services\QuestionService.cs:line 244

============================================================
2026-02-04 15:12:23.756 | Error | 
Message    : Validation failed: value out of range.
Exception  :
System.ArgumentOutOfRangeException: Order value must be between 1 and 16. Please enter a valid number.
   at Services.QuestionService.EditQuestionService(Guid id, EditContext editContext) in D:\SurveyConfiguratorTask\Services\QuestionService.cs:line 244

============================================================
2026-02-04 15:12:24.156 | Error | 
Message    : Validation failed: value out of range.
Exception  :
System.ArgumentOutOfRangeException: Order value must be between 1 and 16. Please enter a valid number.
   at Services.QuestionService.EditQuestionService(Guid id, EditContext editContext) in D:\SurveyConfiguratorTask\Services\QuestionService.cs:line 244

============================================================
2026-02-04 15:12:24.508 | Error | 
Message    : Validation failed: value out of range.
Exception  :
System.ArgumentOutOfRangeException: Order value must be between 1 and 16. Please enter a valid number.
   at Services.QuestionService.EditQuestionService(Guid id, EditContext editContext) in D:\SurveyConfiguratorTask\Services\QuestionService.cs:line 244

============================================================
2026-02-04 15:12:24.870 | Error | 
Message    : Validation failed: value out of range.
Exception  :
System.ArgumentOutOfRangeException: Order value must be between 1 and 16. Please enter a valid number.
   at Services.QuestionService.EditQuestionService(Guid id, EditContext editContext) in D:\SurveyConfiguratorTask\Services\QuestionService.cs:line 244

============================================================
2026-02-04 15:12:25.244 | Error | 
Message    : Validation failed: value out of range.
Exception  :
System.ArgumentOutOfRangeException: Order value must be between 1 and 16. Please enter a valid number.
   at Services.QuestionService.EditQuestionService(Guid id, EditContext editContext) in D:\SurveyConfiguratorTask\Services\QuestionService.cs:line 244

============================================================
2026-02-04 15:12:26.158 | Error | 
Message    : Validation failed: value out of range.
Exception  :
System.ArgumentOutOfRangeException: Order value must be between 1 and 16. Please enter a valid number.
   at Services.QuestionService.EditQuestionService(Guid id, EditContext editContext) in D:\SurveyConfiguratorTask\Services\QuestionService.cs:line 244

============================================================
2026-02-04 15:12:44.980 | Error | 
Message    : Validation failed: invalid argument.
Exception  :
System.ArgumentException: The text cannot be empty. Please enter a valid value.
   at SurveyConfiguratorTask.Models.Question.SetText(String text) in D:\SurveyConfiguratorTask\Models\Question.cs:line 42
   at SurveyConfiguratorTask.Models.Question..ctor(Guid id, String text, Int32 order) in D:\SurveyConfiguratorTask\Models\Question.cs:line 32
   at SurveyConfiguratorTask.Models.StarsQuestion..ctor(Guid id, String text, Int32 order, Int32 starsCount) in D:\SurveyConfiguratorTask\Models\StarsQuestion.cs:line 22
   at Services.QuestionService.EditQuestionService(Guid id, EditContext editContext) in D:\SurveyConfiguratorTask\Services\QuestionService.cs:line 232

============================================================
2026-02-04 15:12:47.221 | Error | 
Message    : Validation failed: invalid argument.
Exception  :
System.ArgumentException: The text cannot be empty. Please enter a valid value.
   at SurveyConfiguratorTask.Models.Question.SetText(String text) in D:\SurveyConfiguratorTask\Models\Question.cs:line 42
   at SurveyConfiguratorTask.Models.Question..ctor(Guid id, String text, Int32 order) in D:\SurveyConfiguratorTask\Models\Question.cs:line 32
   at SurveyConfiguratorTask.Models.StarsQuestion..ctor(Guid id, String text, Int32 order, Int32 starsCount) in D:\SurveyConfiguratorTask\Models\StarsQuestion.cs:line 22
   at Services.QuestionService.EditQuestionService(Guid id, EditContext editContext) in D:\SurveyConfiguratorTask\Services\QuestionService.cs:line 232

============================================================
2026-02-04 15:12:47.955 | Error | 
Message    : Validation failed: invalid argument.
Exception  :
System.ArgumentException: The text cannot be empty. Please enter a valid value.
   at SurveyConfiguratorTask.Models.Question.SetText(String text) in D:\SurveyConfiguratorTask\Models\Question.cs:line 42
   at SurveyConfiguratorTask.Models.Question..ctor(Guid id, String text, Int32 order) in D:\SurveyConfiguratorTask\Models\Question.cs:line 32
   at SurveyConfiguratorTask.Models.StarsQuestion..ctor(Guid id, String text, Int32 order, Int32 starsCount) in D:\SurveyConfiguratorTask\Models\StarsQuestion.cs:line 22
   at Services.QuestionService.EditQuestionService(Guid id, EditContext editContext) in D:\SurveyConfiguratorTask\Services\QuestionService.cs:line 232

============================================================
2026-02-04 15:12:48.517 | Error | 
Message    : Validation failed: invalid argument.
Exception  :
System.ArgumentException: The text cannot be empty. Please enter a valid value.
   at SurveyConfiguratorTask.Models.Question.SetText(String text) in D:\SurveyConfiguratorTask\Models\Question.cs:line 42
   at SurveyConfiguratorTask.Models.Question..ctor(Guid id, String text, Int32 order) in D:\SurveyConfiguratorTask\Models\Question.cs:line 32
   at SurveyConfiguratorTask.Models.StarsQuestion..ctor(Guid id, String text, Int32 order, Int32 starsCount) in D:\SurveyConfiguratorTask\Models\StarsQuestion.cs:line 22
   at Services.QuestionService.EditQuestionService(Guid id, EditContext editContext) in D:\SurveyConfiguratorTask\Services\QuestionService.cs:line 232

============================================================
2026-02-04 15:19:32.549 | Error | 
Message    : Validation failed: invalid argument.
Exception  :
System.ArgumentException: The text cannot be empty. Please enter a valid value.
   at SurveyConfiguratorTask.Models.Question.SetText(String text) in D:\SurveyConfiguratorTask\Models\Question.cs:line 42
   at SurveyConfiguratorTask.Models.Question..ctor(Guid id, String text, Int32 order) in D:\SurveyConfiguratorTask\Models\Question.cs:line 32
   at SurveyConfiguratorTask.Models.StarsQuestion..ctor(Guid id, String text, Int32 order, Int32 starsCount) in D:\SurveyConfiguratorTask\Models\StarsQuestion.cs:line 22
   at Services.QuestionService.EditQuestionService(Guid id, EditContext editContext) in D:\SurveyConfiguratorTask\Services\QuestionService.cs:line 232

============================================================
2026-02-04 15:24:49.619 | Error | 
Message    : Validation failed: value out of range.
Exception  :
System.ArgumentOutOfRangeException: Order value must be between 1 and 0. Please enter a valid number.
   at Services.QuestionService.EditQuestionService(Guid id, EditContext editContext) in D:\SurveyConfiguratorTask\Services\QuestionService.cs:line 244

============================================================
2026-02-04 15:24:55.909 | Error | 
Message    : Validation failed: value out of range.
Exception  :
System.ArgumentOutOfRangeException: Order value must be between 1 and 0. Please enter a valid number.
   at Services.QuestionService.EditQuestionService(Guid id, EditContext editContext) in D:\SurveyConfiguratorTask\Services\QuestionService.cs:line 244

============================================================
2026-02-04 15:25:06.812 | Error | 
Message    : Validation failed: value out of range.
Exception  :
System.ArgumentOutOfRangeException: Order value must be between 1 and 0. Please enter a valid number.
   at Services.QuestionService.EditQuestionService(Guid id, EditContext editContext) in D:\SurveyConfiguratorTask\Services\QuestionService.cs:line 244

============================================================
2026-02-04 15:25:08.124 | Error | 
Message    : Validation failed: value out of range.
Exception  :
System.ArgumentOutOfRangeException: Order value must be between 1 and 0. Please enter a valid number.
   at Services.QuestionService.EditQuestionService(Guid id, EditContext editContext) in D:\SurveyConfiguratorTask\Services\QuestionService.cs:line 244

============================================================
2026-02-04 15:31:54.958 | Error | 
Message    : Error occurred while edit a question a question with Id "ecb4845e-8858-48d7-853f-54e3fdf0ee28"
Exception  :
System.NullReferenceException: Object reference not set to an instance of an object.
   at SurveyConfiguratorTask.Repo.QuestionRepo.GetQuestion(Guid id) in D:\SurveyConfiguratorTask\Repository\QuestionRepo.cs:line 626
   at Services.QuestionService.EditQuestionService(Guid id, EditContext editContext) in D:\SurveyConfiguratorTask\Services\QuestionService.cs:line 208

============================================================
